<?xml version="1.0" encoding="UTF-8"?>
<!-- Generated by org.testng.reporters.JUnitXMLReporter -->
<testsuite ignored="0" hostname="AKM_Laptop" failures="0" tests="12" name="Test" time="60.079" errors="0" timestamp="2024-01-26T14:13:13 EST">
  <testcase classname="com.Tutorialsninja.qa.TestCases.RegisterTest" name="verifyRegisterWithMandatoryFields" time="1.161"/>
  <testcase classname="com.Tutorialsninja.qa.TestCases.RegisterTest" name="verifyRegisterWithAllFields" time="1.542"/>
  <testcase classname="com.Tutorialsninja.qa.TestCases.RegisterTest" name="verifyRegisterWithExistingEmail" time="0.794"/>
  <testcase classname="com.Tutorialsninja.qa.TestCases.LoginTest" name="verifyLoginWithValidCredentials" time="0.931"/>
  <testcase classname="com.Tutorialsninja.qa.TestCases.LoginTest" name="verifyLoginWithInvalidEmailValidPassword" time="0.524"/>
  <testcase classname="com.Tutorialsninja.qa.TestCases.LoginTest" name="verifyLoginWithValidEmailInvalidPassword" time="0.599"/>
  <testcase classname="com.Tutorialsninja.qa.TestCases.LoginTest" name="verifyLoginWithInvalidCredentials" time="0.613"/>
  <testcase classname="com.Tutorialsninja.qa.TestCases.LoginTest" name="verifyLoginWithNoCredentials" time="0.497"/>
  <testcase classname="com.Tutorialsninja.qa.TestCases.SearchProductTest" name="verifyValidProduct" time="0.723"/>
  <testcase classname="com.Tutorialsninja.qa.TestCases.SearchProductTest" name="verifyInvalidProduct" time="0.502"/>
  <testcase classname="com.Tutorialsninja.qa.TestCases.SearchProductTest" name="verifyNoProduct" time="0.512"/>
  <testcase classname="com.Tutorialsninja.qa.TestCases.AddToCartTest" name="testCase1" time="10.125"/>
</testsuite> <!-- Test -->
